# JRE version: OpenJDK Runtime Environment Temurin-11.0.23+9 (11.0.23+9) (build 11.0.23+9)
# Java VM: OpenJDK 64-Bit Server VM Temurin-11.0.23+9 (11.0.23+9, mixed mode, tiered, compressed oops, g1 gc, linux-amd64)
Heap:
 garbage-first heap   total 1478656K, used 114648K [0x0000000415000000, 0x0000000800000000)
  region size 4096K, 11 young (45056K), 8 survivors (32768K)
 Metaspace       used 104625K, capacity 106594K, committed 106864K, reserved 1142784K
  class space    used 12315K, capacity 13008K, committed 13132K, reserved 1048576K
GC Heap History (16 events):
Event: 0.628 GC heap before
{Heap before GC invocations=0 (full 0):
 garbage-first heap   total 1028096K, used 49152K [0x0000000415000000, 0x0000000800000000)
  region size 4096K, 12 young (49152K), 0 survivors (0K)
 Metaspace       used 15561K, capacity 15895K, committed 16128K, reserved 1062912K
  class space    used 1597K, capacity 1720K, committed 1792K, reserved 1048576K
}
Event: 0.638 GC heap after
{Heap after GC invocations=1 (full 0):
 garbage-first heap   total 1028096K, used 4281K [0x0000000415000000, 0x0000000800000000)
  region size 4096K, 2 young (8192K), 2 survivors (8192K)
 Metaspace       used 15561K, capacity 15895K, committed 16128K, reserved 1062912K
  class space    used 1597K, capacity 1720K, committed 1792K, reserved 1048576K
}
Event: 1.025 GC heap before
{Heap before GC invocations=1 (full 0):
 garbage-first heap   total 1028096K, used 32953K [0x0000000415000000, 0x0000000800000000)
  region size 4096K, 10 young (40960K), 2 survivors (8192K)
 Metaspace       used 20619K, capacity 20970K, committed 21296K, reserved 1069056K
  class space    used 2267K, capacity 2428K, committed 2432K, reserved 1048576K
}
Event: 1.040 GC heap after
{Heap after GC invocations=2 (full 0):
 garbage-first heap   total 1028096K, used 6271K [0x0000000415000000, 0x0000000800000000)
  region size 4096K, 2 young (8192K), 2 survivors (8192K)
 Metaspace       used 20619K, capacity 20970K, committed 21296K, reserved 1069056K
  class space    used 2267K, capacity 2428K, committed 2432K, reserved 1048576K
}
Event: 2.642 GC heap before
{Heap before GC invocations=3 (full 0):
 garbage-first heap   total 1028096K, used 215167K [0x0000000415000000, 0x0000000800000000)
  region size 4096K, 54 young (221184K), 2 survivors (8192K)
 Metaspace       used 34867K, capacity 35530K, committed 35708K, reserved 1081344K
  class space    used 3784K, capacity 4015K, committed 4096K, reserved 1048576K
}
Event: 2.673 GC heap after
{Heap after GC invocations=4 (full 0):
 garbage-first heap   total 1028096K, used 24576K [0x0000000415000000, 0x0000000800000000)
  region size 4096K, 6 young (24576K), 6 survivors (24576K)
 Metaspace       used 34867K, capacity 35530K, committed 35708K, reserved 1081344K
  class space    used 3784K, capacity 4015K, committed 4096K, reserved 1048576K
}
Event: 3.845 GC heap before
{Heap before GC invocations=5 (full 0):
 garbage-first heap   total 1028096K, used 217088K [0x0000000415000000, 0x0000000800000000)
  region size 4096K, 53 young (217088K), 6 survivors (24576K)
 Metaspace       used 40334K, capacity 41088K, committed 41340K, reserved 1085440K
  class space    used 4367K, capacity 4606K, committed 4608K, reserved 1048576K
}
Event: 3.888 GC heap after
{Heap after GC invocations=6 (full 0):
 garbage-first heap   total 1028096K, used 53624K [0x0000000415000000, 0x0000000800000000)
  region size 4096K, 7 young (28672K), 7 survivors (28672K)
 Metaspace       used 40334K, capacity 41088K, committed 41340K, reserved 1085440K
  class space    used 4367K, capacity 4606K, committed 4608K, reserved 1048576K
}
Event: 5.474 GC heap before
{Heap before GC invocations=6 (full 0):
 garbage-first heap   total 1028096K, used 151928K [0x0000000415000000, 0x0000000800000000)
  region size 4096K, 29 young (118784K), 7 survivors (28672K)
 Metaspace       used 43032K, capacity 43838K, committed 44028K, reserved 1089536K
  class space    used 4612K, capacity 4866K, committed 4992K, reserved 1048576K
}
Event: 5.497 GC heap after
{Heap after GC invocations=7 (full 0):
 garbage-first heap   total 1478656K, used 63318K [0x0000000415000000, 0x0000000800000000)
  region size 4096K, 2 young (8192K), 2 survivors (8192K)
 Metaspace       used 43032K, capacity 43838K, committed 44028K, reserved 1089536K
  class space    used 4612K, capacity 4866K, committed 4992K, reserved 1048576K
}
Event: 6.487 GC heap before
{Heap before GC invocations=7 (full 0):
 garbage-first heap   total 1478656K, used 194390K [0x0000000415000000, 0x0000000800000000)
  region size 4096K, 34 young (139264K), 2 survivors (8192K)
 Metaspace       used 58828K, capacity 59840K, committed 59940K, reserved 1101824K
  class space    used 6531K, capacity 6887K, committed 6912K, reserved 1048576K
}
Event: 6.492 GC heap after
{Heap after GC invocations=8 (full 0):
 garbage-first heap   total 1478656K, used 69950K [0x0000000415000000, 0x0000000800000000)
  region size 4096K, 2 young (8192K), 2 survivors (8192K)
 Metaspace       used 58828K, capacity 59840K, committed 59940K, reserved 1101824K
  class space    used 6531K, capacity 6887K, committed 6912K, reserved 1048576K
}
Event: 8.106 GC heap before
{Heap before GC invocations=9 (full 0):
 garbage-first heap   total 1478656K, used 274750K [0x0000000415000000, 0x0000000800000000)
  region size 4096K, 52 young (212992K), 2 survivors (8192K)
 Metaspace       used 82213K, capacity 83448K, committed 84080K, reserved 1124352K
  class space    used 9559K, capacity 9977K, committed 10060K, reserved 1048576K
}
Event: 8.132 GC heap after
{Heap after GC invocations=10 (full 0):
 garbage-first heap   total 1478656K, used 84153K [0x0000000415000000, 0x0000000800000000)
  region size 4096K, 6 young (24576K), 6 survivors (24576K)
 Metaspace       used 82213K, capacity 83448K, committed 84080K, reserved 1124352K
  class space    used 9559K, capacity 9977K, committed 10060K, reserved 1048576K
}
Event: 9.954 GC heap before
{Heap before GC invocations=11 (full 0):
 garbage-first heap   total 1478656K, used 321721K [0x0000000415000000, 0x0000000800000000)
  region size 4096K, 64 young (262144K), 6 survivors (24576K)
 Metaspace       used 104608K, capacity 106588K, committed 106864K, reserved 1142784K
  class space    used 12314K, capacity 13006K, committed 13132K, reserved 1048576K
}
Event: 9.977 GC heap after
{Heap after GC invocations=12 (full 0):
 garbage-first heap   total 1478656K, used 106456K [0x0000000415000000, 0x0000000800000000)
  region size 4096K, 8 young (32768K), 8 survivors (32768K)
 Metaspace       used 104608K, capacity 106588K, committed 106864K, reserved 1142784K
  class space    used 12314K, capacity 13006K, committed 13132K, reserved 1048576K
}

